* using log directory ‘/groups/nils/members/rosario/RUCova/..Rcheck’
* using R version 3.6.0 (2019-04-26)
* using platform: x86_64-conda_cos6-linux-gnu (64-bit)
* using session charset: UTF-8
* checking for file ‘./DESCRIPTION’ ... OK
* this is package ‘RUCova’ version ‘0.99.0’
* package encoding: UTF-8
* checking package namespace information ... OK
* checking package dependencies ... OK
* checking if this is a source package ... OK
* checking if there is a namespace ... OK
* checking for executable files ... OK
* checking for hidden files and directories ... NOTE
Found the following hidden files and directories:
  .RData
  .Rhistory
  .gitattributes
  .gitignore
  vignettes/.gitignore
  ..Rcheck
  .Rproj.user
  .git
These were most likely included in error. See section ‘Package
structure’ in the ‘Writing R Extensions’ manual.
* checking for portable file names ... NOTE
Found the following non-portable file paths:
  RUCova/.Rproj.user/shared/notebooks/4E72CF99-benchmarkRUCova_multiple_GT/1/s/c442zu9mrhlor/00000f.csv
  RUCova/.Rproj.user/shared/notebooks/4E72CF99-benchmarkRUCova_multiple_GT/1/s/c4rgg3k92kng6/00000f.csv
  RUCova/.Rproj.user/shared/notebooks/4E72CF99-benchmarkRUCova_multiple_GT/1/s/c4rgg3k92kng6/000010.error
  RUCova/.Rproj.user/shared/notebooks/4E72CF99-benchmarkRUCova_multiple_GT/1/s/c6ju0lyvat3ro/00000f.csv
  RUCova/.Rproj.user/shared/notebooks/4E72CF99-benchmarkRUCova_multiple_GT/1/s/c97u1y55twucv/00000f.csv
  RUCova/.Rproj.user/shared/notebooks/4E72CF99-benchmarkRUCova_multiple_GT/1/s/c9zjbgsept24c/000013.csv
  RUCova/.Rproj.user/shared/notebooks/4E72CF99-benchmarkRUCova_multiple_GT/1/s/cdj5q6c99mrlf/000015.csv
  RUCova/.Rproj.user/shared/notebooks/4E72CF99-benchmarkRUCova_multiple_GT/1/s/ce4ukvl7no7oc/00000f.csv
  RUCova/.Rproj.user/shared/notebooks/4E72CF99-benchmarkRUCova_multiple_GT/1/s/cnf1yo3e41t5d/00000f.csv
  RUCova/.Rproj.user/shared/notebooks/4E72CF99-benchmarkRUCova_multiple_GT/1/s/cnq0isx8ma3kc/000013.csv
  RUCova/.Rproj.user/shared/notebooks/4E72CF99-benchmarkRUCova_multiple_GT/1/s/cq4wo5wmn3d0m/00000f.csv
  RUCova/.Rproj.user/shared/notebooks/4E72CF99-benchmarkRUCova_multiple_GT/1/s/csgd1cptej61q/000011.csv
  RUCova/.Rproj.user/shared/notebooks/4E72CF99-benchmarkRUCova_multiple_GT/1/s/ctpx1hcwnngui/00000f.csv
  RUCova/.Rproj.user/shared/notebooks/4E72CF99-benchmarkRUCova_multiple_GT/1/s/ctpx1hcwnngui/execution.lock
  RUCova/.Rproj.user/shared/notebooks/4E72CF99-benchmarkRUCova_multiple_GT/1/s/ctpx1hcwnngui_t/execution.lock
  RUCova/.Rproj.user/shared/notebooks/6F050197-rucova_RASi_Oleksandra/1/s/c0krihiefgojv/000010.metadata
  RUCova/.Rproj.user/shared/notebooks/6F050197-rucova_RASi_Oleksandra/1/s/c0krihiefgojv/000010.snapshot
  RUCova/.Rproj.user/shared/notebooks/6F050197-rucova_RASi_Oleksandra/1/s/ccrklccmz083r/000010.metadata
  RUCova/.Rproj.user/shared/notebooks/6F050197-rucova_RASi_Oleksandra/1/s/ccrklccmz083r/000010.snapshot
  RUCova/.Rproj.user/shared/notebooks/6F050197-rucova_RASi_Oleksandra/1/s/chm8f4yi4m59y/000010.metadata
  RUCova/.Rproj.user/shared/notebooks/6F050197-rucova_RASi_Oleksandra/1/s/chm8f4yi4m59y/000010.snapshot
  RUCova/.Rproj.user/shared/notebooks/6F050197-rucova_RASi_Oleksandra/1/s/chm8f4yi4m59y/000012.metadata
  RUCova/.Rproj.user/shared/notebooks/6F050197-rucova_RASi_Oleksandra/1/s/chm8f4yi4m59y/000012.snapshot
  RUCova/.Rproj.user/shared/notebooks/6F050197-rucova_RASi_Oleksandra/1/s/ck84q5lv9uxfy/000010.metadata
  RUCova/.Rproj.user/shared/notebooks/6F050197-rucova_RASi_Oleksandra/1/s/ck84q5lv9uxfy/000010.snapshot
  RUCova/.Rproj.user/shared/notebooks/6F050197-rucova_RASi_Oleksandra/1/s/cpz8umo0kb1l8/000010.metadata
  RUCova/.Rproj.user/shared/notebooks/6F050197-rucova_RASi_Oleksandra/1/s/cpz8umo0kb1l8/000010.snapshot
  RUCova/.Rproj.user/shared/notebooks/6F050197-rucova_RASi_Oleksandra/1/s/cpz8umo0kb1l8/000012.metadata
  RUCova/.Rproj.user/shared/notebooks/6F050197-rucova_RASi_Oleksandra/1/s/cpz8umo0kb1l8/000012.snapshot
  RUCova/.Rproj.user/shared/notebooks/6F050197-rucova_RASi_Oleksandra/1/s/cwosv89sd71db/000010.metadata
  RUCova/.Rproj.user/shared/notebooks/6F050197-rucova_RASi_Oleksandra/1/s/cwosv89sd71db/000010.snapshot
  RUCova/.Rproj.user/shared/notebooks/6F050197-rucova_RASi_Oleksandra/1/s/cwosv89sd71db/000012.metadata
  RUCova/.Rproj.user/shared/notebooks/6F050197-rucova_RASi_Oleksandra/1/s/cwosv89sd71db/000012.snapshot
  RUCova/.Rproj.user/shared/notebooks/C09E0CBB-benchmarkRUCova_multiple_GT_diff_condition/1/s/c1pjxmoq6ebiy/00000f.csv
  RUCova/.Rproj.user/shared/notebooks/C09E0CBB-benchmarkRUCova_multiple_GT_diff_condition/1/s/chunks.json
  RUCova/.Rproj.user/shared/notebooks/C09E0CBB-benchmarkRUCova_multiple_GT_diff_condition/1/s/cpzwdpp54xiu5/00000f.csv
  RUCova/.Rproj.user/shared/notebooks/C09E0CBB-benchmarkRUCova_multiple_GT_diff_condition/1/s/csetup_chunk/00000f.csv
  RUCova/.Rproj.user/shared/notebooks/C0D68E66-analyse_scRNAseq_NMF_v2/1/E54755E37a3ca6a6/clsq5gqiiacb8/000015.csv
  RUCova/.Rproj.user/shared/notebooks/C0D68E66-analyse_scRNAseq_NMF_v2/1/E54755E37a3ca6a6/cqflbyvypn6di_t/execution.lock
  RUCova/.Rproj.user/shared/notebooks/DF1872BD-explore_scRNAseq_Cal33subclones/1/E54755E37a3ca6a6/chunks.json
  RUCova/.Rproj.user/shared/notebooks/DF1872BD-explore_scRNAseq_Cal33subclones/1/s/c1d62srexheli/00000f.csv
  RUCova/.Rproj.user/shared/notebooks/DF1872BD-explore_scRNAseq_Cal33subclones/1/s/c1x5iogfox3s9/00000f.csv
  RUCova/.Rproj.user/shared/notebooks/DF1872BD-explore_scRNAseq_Cal33subclones/1/s/c6c7x30oijtqm/00000f.csv
  RUCova/.Rproj.user/shared/notebooks/DF1872BD-explore_scRNAseq_Cal33subclones/1/s/c6p5683jgv87s/00000f.csv
  RUCova/.Rproj.user/shared/notebooks/DF1872BD-explore_scRNAseq_Cal33subclones/1/s/c6p5683jgv87s/000010.metadata
  RUCova/.Rproj.user/shared/notebooks/DF1872BD-explore_scRNAseq_Cal33subclones/1/s/c6p5683jgv87s/000010.png
  RUCova/.Rproj.user/shared/notebooks/DF1872BD-explore_scRNAseq_Cal33subclones/1/s/c6p5683jgv87s/000010.snapshot
  RUCova/.Rproj.user/shared/notebooks/DF1872BD-explore_scRNAseq_Cal33subclones/1/s/c799ojb7uxvp6/00000f.csv
  RUCova/.Rproj.user/shared/notebooks/DF1872BD-explore_scRNAseq_Cal33subclones/1/s/c799ojb7uxvp6/000010.metadata
  RUCova/.Rproj.user/shared/notebooks/DF1872BD-explore_scRNAseq_Cal33subclones/1/s/c799ojb7uxvp6/000010.png
  RUCova/.Rproj.user/shared/notebooks/DF1872BD-explore_scRNAseq_Cal33subclones/1/s/c799ojb7uxvp6/000010.snapshot
  RUCova/.Rproj.user/shared/notebooks/DF1872BD-explore_scRNAseq_Cal33subclones/1/s/c7qwy2ddn8afj/00000f.csv
  RUCova/.Rproj.user/shared/notebooks/DF1872BD-explore_scRNAseq_Cal33subclones/1/s/c7qwy2ddn8afj/000010.metadata
  RUCova/.Rproj.user/shared/notebooks/DF1872BD-explore_scRNAseq_Cal33subclones/1/s/c7qwy2ddn8afj/000010.png
  RUCova/.Rproj.user/shared/notebooks/DF1872BD-explore_scRNAseq_Cal33subclones/1/s/c7qwy2ddn8afj/000010.snapshot
  RUCova/.Rproj.user/shared/notebooks/DF1872BD-explore_scRNAseq_Cal33subclones/1/s/c7qwy2ddn8afj/000011.csv
  RUCova/.Rproj.user/shared/notebooks/DF1872BD-explore_scRNAseq_Cal33subclones/1/s/c7qwy2ddn8afj/temp/000010.png
  RUCova/.Rproj.user/shared/notebooks/DF1872BD-explore_scRNAseq_Cal33subclones/1/s/c7wfqik47qv4r/00000f.csv
  RUCova/.Rproj.user/shared/notebooks/DF1872BD-explore_scRNAseq_Cal33subclones/1/s/c7wfqik47qv4r/000010.metadata
  RUCova/.Rproj.user/shared/notebooks/DF1872BD-explore_scRNAseq_Cal33subclones/1/s/c7wfqik47qv4r/000010.png
  RUCova/.Rproj.user/shared/notebooks/DF1872BD-explore_scRNAseq_Cal33subclones/1/s/cbe2thkvm32kq/000013.csv
  RUCova/.Rproj.user/shared/notebooks/DF1872BD-explore_scRNAseq_Cal33subclones/1/s/cbe2thkvm32kq/000014.metadata
  RUCova/.Rproj.user/shared/notebooks/DF1872BD-explore_scRNAseq_Cal33subclones/1/s/cbe2thkvm32kq/000014.png
  RUCova/.Rproj.user/shared/notebooks/DF1872BD-explore_scRNAseq_Cal33subclones/1/s/cbe2thkvm32kq/000015.csv
  RUCova/.Rproj.user/shared/notebooks/DF1872BD-explore_scRNAseq_Cal33subclones/1/s/chv2keg36xcgb/00000f.csv
  RUCova/.Rproj.user/shared/notebooks/DF1872BD-explore_scRNAseq_Cal33subclones/1/s/chv2keg36xcgb/000010.metadata
  RUCova/.Rproj.user/shared/notebooks/DF1872BD-explore_scRNAseq_Cal33subclones/1/s/chv2keg36xcgb/000010.png
  RUCova/.Rproj.user/shared/notebooks/DF1872BD-explore_scRNAseq_Cal33subclones/1/s/chv2keg36xcgb/000010.snapshot
  RUCova/.Rproj.user/shared/notebooks/DF1872BD-explore_scRNAseq_Cal33subclones/1/s/cldtj2n8ivmi2/000013.csv
  RUCova/.Rproj.user/shared/notebooks/DF1872BD-explore_scRNAseq_Cal33subclones/1/s/cldtj2n8ivmi2/000014.metadata
  RUCova/.Rproj.user/shared/notebooks/DF1872BD-explore_scRNAseq_Cal33subclones/1/s/cldtj2n8ivmi2/000014.png
  RUCova/.Rproj.user/shared/notebooks/DF1872BD-explore_scRNAseq_Cal33subclones/1/s/cldtj2n8ivmi2/000014.snapshot
  RUCova/.Rproj.user/shared/notebooks/DF1872BD-explore_scRNAseq_Cal33subclones/1/s/clsdoqh54hijo/000011.csv
  RUCova/.Rproj.user/shared/notebooks/DF1872BD-explore_scRNAseq_Cal33subclones/1/s/clsdoqh54hijo/000012.metadata
  RUCova/.Rproj.user/shared/notebooks/DF1872BD-explore_scRNAseq_Cal33subclones/1/s/clsdoqh54hijo/000012.png
  RUCova/.Rproj.user/shared/notebooks/DF1872BD-explore_scRNAseq_Cal33subclones/1/s/clsdoqh54hijo/000012.snapshot
  RUCova/.Rproj.user/shared/notebooks/DF1872BD-explore_scRNAseq_Cal33subclones/1/s/cmfgp00pph2n1/00000f.csv
  RUCova/.Rproj.user/shared/notebooks/DF1872BD-explore_scRNAseq_Cal33subclones/1/s/cmfgp00pph2n1/000010.metadata
  RUCova/.Rproj.user/shared/notebooks/DF1872BD-explore_scRNAseq_Cal33subclones/1/s/cmfgp00pph2n1/000010.png
  RUCova/.Rproj.user/shared/notebooks/DF1872BD-explore_scRNAseq_Cal33subclones/1/s/cmfgp00pph2n1/000010.snapshot
  RUCova/.Rproj.user/shared/notebooks/DF1872BD-explore_scRNAseq_Cal33subclones/1/s/cnrwtyv1gu6us/000011.csv
  RUCova/.Rproj.user/shared/notebooks/DF1872BD-explore_scRNAseq_Cal33subclones/1/s/cnrwtyv1gu6us/000012.metadata
  RUCova/.Rproj.user/shared/notebooks/DF1872BD-explore_scRNAseq_Cal33subclones/1/s/cnrwtyv1gu6us/000012.png
  RUCova/.Rproj.user/shared/notebooks/DF1872BD-explore_scRNAseq_Cal33subclones/1/s/cnrwtyv1gu6us/000012.snapshot
  RUCova/.Rproj.user/shared/notebooks/DF1872BD-explore_scRNAseq_Cal33subclones/1/s/co3b7jaws4mn8/00000f.csv
  RUCova/.Rproj.user/shared/notebooks/DF1872BD-explore_scRNAseq_Cal33subclones/1/s/co3b7jaws4mn8/000010.metadata
  RUCova/.Rproj.user/shared/notebooks/DF1872BD-explore_scRNAseq_Cal33subclones/1/s/co3b7jaws4mn8/000010.png
  RUCova/.Rproj.user/shared/notebooks/DF1872BD-explore_scRNAseq_Cal33subclones/1/s/co3b7jaws4mn8/000010.snapshot
  RUCova/.Rproj.user/shared/notebooks/DF1872BD-explore_scRNAseq_Cal33subclones/1/s/cob8l6bphp69p/00006f.csv
  RUCova/.Rproj.user/shared/notebooks/DF1872BD-explore_scRNAseq_Cal33subclones/1/s/cob8l6bphp69p/000071.csv
  RUCova/.Rproj.user/shared/notebooks/DF1872BD-explore_scRNAseq_Cal33subclones/1/s/cob8l6bphp69p/000073.csv
  RUCova/.Rproj.user/shared/notebooks/DF1872BD-explore_scRNAseq_Cal33subclones/1/s/cob8l6bphp69p/000075.csv
  RUCova/.Rproj.user/shared/notebooks/DF1872BD-explore_scRNAseq_Cal33subclones/1/s/cof4m2taf2gy2/00000f.csv
  RUCova/.Rproj.user/shared/notebooks/DF1872BD-explore_scRNAseq_Cal33subclones/1/s/coyxu939ne8u7/00000f.csv
  RUCova/.Rproj.user/shared/notebooks/DF1872BD-explore_scRNAseq_Cal33subclones/1/s/coyxu939ne8u7/000010.metadata
  RUCova/.Rproj.user/shared/notebooks/DF1872BD-explore_scRNAseq_Cal33subclones/1/s/coyxu939ne8u7/000010.png
  RUCova/.Rproj.user/shared/notebooks/DF1872BD-explore_scRNAseq_Cal33subclones/1/s/coyxu939ne8u7/000010.snapshot
  RUCova/.Rproj.user/shared/notebooks/DF1872BD-explore_scRNAseq_Cal33subclones/1/s/cpz29520dmtgy/00000f.csv
  RUCova/.Rproj.user/shared/notebooks/DF1872BD-explore_scRNAseq_Cal33subclones/1/s/cpz29520dmtgy/000010.error
  RUCova/.Rproj.user/shared/notebooks/DF1872BD-explore_scRNAseq_Cal33subclones/1/s/cql5hh5jzed35/00000f.csv
  RUCova/.Rproj.user/shared/notebooks/DF1872BD-explore_scRNAseq_Cal33subclones/1/s/cs76ob3worbmp/000011.csv
  RUCova/.Rproj.user/shared/notebooks/DF1872BD-explore_scRNAseq_Cal33subclones/1/s/cs76ob3worbmp/000012.metadata
  RUCova/.Rproj.user/shared/notebooks/DF1872BD-explore_scRNAseq_Cal33subclones/1/s/cs76ob3worbmp/000012.png
  RUCova/.Rproj.user/shared/notebooks/DF1872BD-explore_scRNAseq_Cal33subclones/1/s/cs76ob3worbmp/000012.snapshot
  RUCova/.Rproj.user/shared/notebooks/DF1872BD-explore_scRNAseq_Cal33subclones/1/s/cs7wcu1todvxq/00000f.csv
  RUCova/.Rproj.user/shared/notebooks/DF1872BD-explore_scRNAseq_Cal33subclones/1/s/csetup_chunk/00000f.csv
  RUCova/.Rproj.user/shared/notebooks/DF1872BD-explore_scRNAseq_Cal33subclones/1/s/ctwm32vouk772/00000f.csv
  RUCova/.Rproj.user/shared/notebooks/DF1872BD-explore_scRNAseq_Cal33subclones/1/s/cv6jgiibp355u/000013.csv
  RUCova/.Rproj.user/shared/notebooks/DF1872BD-explore_scRNAseq_Cal33subclones/1/s/cxjc5fp92sid4/00000f.csv
  RUCova/.Rproj.user/shared/notebooks/DF1872BD-explore_scRNAseq_Cal33subclones/1/s/cymo2zxscnq34/000011.csv
  RUCova/.Rproj.user/shared/notebooks/DF1872BD-explore_scRNAseq_Cal33subclones/1/s/cyste7xwnr9t1/00000f.csv
  RUCova/.Rproj.user/shared/notebooks/DF1872BD-explore_scRNAseq_Cal33subclones/1/s/cyste7xwnr9t1/000010.metadata
  RUCova/.Rproj.user/shared/notebooks/DF1872BD-explore_scRNAseq_Cal33subclones/1/s/cyste7xwnr9t1/000010.png
  RUCova/.Rproj.user/shared/notebooks/DF1872BD-explore_scRNAseq_Cal33subclones/1/s/cyste7xwnr9t1/000010.snapshot
  RUCova/.Rproj.user/shared/notebooks/DF1872BD-explore_scRNAseq_Cal33subclones/1/s/cztw33gsh3h3n/000011.csv
  RUCova/.Rproj.user/shared/notebooks/DF1872BD-explore_scRNAseq_Cal33subclones/1/s/cztw33gsh3h3n/000012.metadata
  RUCova/.Rproj.user/shared/notebooks/DF1872BD-explore_scRNAseq_Cal33subclones/1/s/cztw33gsh3h3n/000012.png
  RUCova/.Rproj.user/shared/notebooks/DF1872BD-explore_scRNAseq_Cal33subclones/1/s/cztw33gsh3h3n/000012.snapshot
  RUCova/.Rproj.user/shared/notebooks/F98BFE6D-analysis_flowcytometry/1/s/c755i39li9skk/000025.metadata
  RUCova/.Rproj.user/shared/notebooks/F98BFE6D-analysis_flowcytometry/1/s/c755i39li9skk/000026.metadata
  RUCova/.Rproj.user/shared/notebooks/F98BFE6D-analysis_flowcytometry/1/s/c755i39li9skk/000027.metadata
  RUCova/.Rproj.user/shared/notebooks/F98BFE6D-analysis_flowcytometry/1/s/c755i39li9skk/000028.metadata
  RUCova/.Rproj.user/shared/notebooks/F98BFE6D-analysis_flowcytometry/1/s/c755i39li9skk/000029.metadata
  RUCova/.Rproj.user/shared/notebooks/F98BFE6D-analysis_flowcytometry/1/s/c755i39li9skk/00002a.metadata
  RUCova/.Rproj.user/shared/notebooks/F98BFE6D-analysis_flowcytometry/1/s/c755i39li9skk/00002b.metadata
  RUCova/.Rproj.user/shared/notebooks/F98BFE6D-analysis_flowcytometry/1/s/c755i39li9skk/00002c.metadata
  RUCova/.Rproj.user/shared/notebooks/F98BFE6D-analysis_flowcytometry/1/s/c755i39li9skk/00002d.metadata
  RUCova/.Rproj.user/shared/notebooks/F98BFE6D-analysis_flowcytometry/1/s/c755i39li9skk/00002e.metadata
  RUCova/.Rproj.user/shared/notebooks/F98BFE6D-analysis_flowcytometry/1/s/c755i39li9skk/00002f.metadata
  RUCova/.Rproj.user/shared/notebooks/F98BFE6D-analysis_flowcytometry/1/s/c755i39li9skk/000030.metadata
  RUCova/.Rproj.user/shared/notebooks/F98BFE6D-analysis_flowcytometry/1/s/c755i39li9skk/000031.metadata
  RUCova/.Rproj.user/shared/notebooks/F98BFE6D-analysis_flowcytometry/1/s/c755i39li9skk/000032.metadata
  RUCova/.Rproj.user/shared/notebooks/F98BFE6D-analysis_flowcytometry/1/s/c755i39li9skk/000033.metadata
  RUCova/.Rproj.user/shared/notebooks/F98BFE6D-analysis_flowcytometry/1/s/c755i39li9skk/000034.metadata
  RUCova/.Rproj.user/shared/notebooks/F98BFE6D-analysis_flowcytometry/1/s/c755i39li9skk/000035.metadata
  RUCova/.Rproj.user/shared/notebooks/F98BFE6D-analysis_flowcytometry/1/s/c755i39li9skk/000036.metadata
  RUCova/.Rproj.user/shared/notebooks/F98BFE6D-analysis_flowcytometry/1/s/c755i39li9skk/000037.metadata
  RUCova/.Rproj.user/shared/notebooks/F98BFE6D-analysis_flowcytometry/1/s/c755i39li9skk/000038.metadata
  RUCova/.Rproj.user/shared/notebooks/F98BFE6D-analysis_flowcytometry/1/s/c755i39li9skk/000038.snapshot
  RUCova/.Rproj.user/shared/notebooks/F98BFE6D-analysis_flowcytometry/1/s/cl539hm0194ub/000010.metadata
  RUCova/.Rproj.user/shared/notebooks/F98BFE6D-analysis_flowcytometry/1/s/cl539hm0194ub/000011.metadata
  RUCova/.Rproj.user/shared/notebooks/F98BFE6D-analysis_flowcytometry/1/s/cl539hm0194ub/000012.metadata
  RUCova/.Rproj.user/shared/notebooks/F98BFE6D-analysis_flowcytometry/1/s/cl539hm0194ub/000013.metadata
  RUCova/.Rproj.user/shared/notebooks/F98BFE6D-analysis_flowcytometry/1/s/cl539hm0194ub/000014.metadata
  RUCova/.Rproj.user/shared/notebooks/F98BFE6D-analysis_flowcytometry/1/s/cl539hm0194ub/000015.metadata
  RUCova/.Rproj.user/shared/notebooks/F98BFE6D-analysis_flowcytometry/1/s/cl539hm0194ub/000016.metadata
  RUCova/.Rproj.user/shared/notebooks/F98BFE6D-analysis_flowcytometry/1/s/cl539hm0194ub/000017.metadata
  RUCova/.Rproj.user/shared/notebooks/F98BFE6D-analysis_flowcytometry/1/s/cl539hm0194ub/000018.metadata
  RUCova/.Rproj.user/shared/notebooks/F98BFE6D-analysis_flowcytometry/1/s/cl539hm0194ub/000019.metadata
  RUCova/.Rproj.user/shared/notebooks/F98BFE6D-analysis_flowcytometry/1/s/cl539hm0194ub/00001a.metadata
  RUCova/.Rproj.user/shared/notebooks/F98BFE6D-analysis_flowcytometry/1/s/cl539hm0194ub/00001b.metadata
  RUCova/.Rproj.user/shared/notebooks/F98BFE6D-analysis_flowcytometry/1/s/cl539hm0194ub/00001c.metadata
  RUCova/.Rproj.user/shared/notebooks/F98BFE6D-analysis_flowcytometry/1/s/cl539hm0194ub/00001d.metadata
  RUCova/.Rproj.user/shared/notebooks/F98BFE6D-analysis_flowcytometry/1/s/cl539hm0194ub/00001e.metadata
  RUCova/.Rproj.user/shared/notebooks/F98BFE6D-analysis_flowcytometry/1/s/cl539hm0194ub/00001f.metadata
  RUCova/.Rproj.user/shared/notebooks/F98BFE6D-analysis_flowcytometry/1/s/cl539hm0194ub/000020.metadata
  RUCova/.Rproj.user/shared/notebooks/F98BFE6D-analysis_flowcytometry/1/s/cl539hm0194ub/000021.metadata
  RUCova/.Rproj.user/shared/notebooks/F98BFE6D-analysis_flowcytometry/1/s/cl539hm0194ub/000022.metadata
  RUCova/.Rproj.user/shared/notebooks/F98BFE6D-analysis_flowcytometry/1/s/cl539hm0194ub/000023.metadata
  RUCova/.Rproj.user/shared/notebooks/F98BFE6D-analysis_flowcytometry/1/s/cl539hm0194ub/000023.snapshot
  RUCova/.Rproj.user/shared/notebooks/F98BFE6D-analysis_flowcytometry/1/s/clz0var040d8i/000010.metadata
  RUCova/.Rproj.user/shared/notebooks/F98BFE6D-analysis_flowcytometry/1/s/clz0var040d8i/000011.metadata
  RUCova/.Rproj.user/shared/notebooks/F98BFE6D-analysis_flowcytometry/1/s/clz0var040d8i/000012.metadata
  RUCova/.Rproj.user/shared/notebooks/F98BFE6D-analysis_flowcytometry/1/s/clz0var040d8i/000013.metadata
  RUCova/.Rproj.user/shared/notebooks/F98BFE6D-analysis_flowcytometry/1/s/clz0var040d8i/000014.metadata
  RUCova/.Rproj.user/shared/notebooks/F98BFE6D-analysis_flowcytometry/1/s/clz0var040d8i/000015.metadata
  RUCova/.Rproj.user/shared/notebooks/F98BFE6D-analysis_flowcytometry/1/s/clz0var040d8i/000016.metadata
  RUCova/.Rproj.user/shared/notebooks/F98BFE6D-analysis_flowcytometry/1/s/clz0var040d8i/000017.metadata
  RUCova/.Rproj.user/shared/notebooks/F98BFE6D-analysis_flowcytometry/1/s/clz0var040d8i/000018.metadata
  RUCova/.Rproj.user/shared/notebooks/F98BFE6D-analysis_flowcytometry/1/s/clz0var040d8i/000019.metadata
  RUCova/.Rproj.user/shared/notebooks/F98BFE6D-analysis_flowcytometry/1/s/clz0var040d8i/00001a.metadata
  RUCova/.Rproj.user/shared/notebooks/F98BFE6D-analysis_flowcytometry/1/s/clz0var040d8i/00001b.metadata
  RUCova/.Rproj.user/shared/notebooks/F98BFE6D-analysis_flowcytometry/1/s/clz0var040d8i/00001c.metadata
  RUCova/.Rproj.user/shared/notebooks/F98BFE6D-analysis_flowcytometry/1/s/clz0var040d8i/00001d.metadata
  RUCova/.Rproj.user/shared/notebooks/F98BFE6D-analysis_flowcytometry/1/s/clz0var040d8i/00001e.metadata
  RUCova/.Rproj.user/shared/notebooks/F98BFE6D-analysis_flowcytometry/1/s/clz0var040d8i/00001f.metadata
  RUCova/.Rproj.user/shared/notebooks/F98BFE6D-analysis_flowcytometry/1/s/clz0var040d8i/000020.metadata
  RUCova/.Rproj.user/shared/notebooks/F98BFE6D-analysis_flowcytometry/1/s/clz0var040d8i/000021.metadata
  RUCova/.Rproj.user/shared/notebooks/F98BFE6D-analysis_flowcytometry/1/s/clz0var040d8i/000022.metadata
  RUCova/.Rproj.user/shared/notebooks/F98BFE6D-analysis_flowcytometry/1/s/clz0var040d8i/000023.metadata
  RUCova/.Rproj.user/shared/notebooks/F98BFE6D-analysis_flowcytometry/1/s/clz0var040d8i/000023.snapshot
  RUCova/.Rproj.user/shared/notebooks/F98BFE6D-analysis_flowcytometry/1/s/cm0ljrus26p8m/000025.metadata
  RUCova/.Rproj.user/shared/notebooks/F98BFE6D-analysis_flowcytometry/1/s/cm0ljrus26p8m/000026.metadata
  RUCova/.Rproj.user/shared/notebooks/F98BFE6D-analysis_flowcytometry/1/s/cm0ljrus26p8m/000027.metadata
  RUCova/.Rproj.user/shared/notebooks/F98BFE6D-analysis_flowcytometry/1/s/cm0ljrus26p8m/000028.metadata
  RUCova/.Rproj.user/shared/notebooks/F98BFE6D-analysis_flowcytometry/1/s/cm0ljrus26p8m/000029.metadata
  RUCova/.Rproj.user/shared/notebooks/F98BFE6D-analysis_flowcytometry/1/s/cm0ljrus26p8m/00002a.metadata
  RUCova/.Rproj.user/shared/notebooks/F98BFE6D-analysis_flowcytometry/1/s/cm0ljrus26p8m/00002b.metadata
  RUCova/.Rproj.user/shared/notebooks/F98BFE6D-analysis_flowcytometry/1/s/cm0ljrus26p8m/00002c.metadata
  RUCova/.Rproj.user/shared/notebooks/F98BFE6D-analysis_flowcytometry/1/s/cm0ljrus26p8m/00002d.metadata
  RUCova/.Rproj.user/shared/notebooks/F98BFE6D-analysis_flowcytometry/1/s/cm0ljrus26p8m/00002e.metadata
  RUCova/.Rproj.user/shared/notebooks/F98BFE6D-analysis_flowcytometry/1/s/cm0ljrus26p8m/00002f.metadata
  RUCova/.Rproj.user/shared/notebooks/F98BFE6D-analysis_flowcytometry/1/s/cm0ljrus26p8m/000030.metadata
  RUCova/.Rproj.user/shared/notebooks/F98BFE6D-analysis_flowcytometry/1/s/cm0ljrus26p8m/000031.metadata
  RUCova/.Rproj.user/shared/notebooks/F98BFE6D-analysis_flowcytometry/1/s/cm0ljrus26p8m/000032.metadata
  RUCova/.Rproj.user/shared/notebooks/F98BFE6D-analysis_flowcytometry/1/s/cm0ljrus26p8m/000033.metadata
  RUCova/.Rproj.user/shared/notebooks/F98BFE6D-analysis_flowcytometry/1/s/cm0ljrus26p8m/000034.metadata
  RUCova/.Rproj.user/shared/notebooks/F98BFE6D-analysis_flowcytometry/1/s/cm0ljrus26p8m/000035.metadata
  RUCova/.Rproj.user/shared/notebooks/F98BFE6D-analysis_flowcytometry/1/s/cm0ljrus26p8m/000036.metadata
  RUCova/.Rproj.user/shared/notebooks/F98BFE6D-analysis_flowcytometry/1/s/cm0ljrus26p8m/000037.metadata
  RUCova/.Rproj.user/shared/notebooks/F98BFE6D-analysis_flowcytometry/1/s/cm0ljrus26p8m/000038.metadata
  RUCova/.Rproj.user/shared/notebooks/F98BFE6D-analysis_flowcytometry/1/s/cm0ljrus26p8m/000038.snapshot
  RUCova/.Rproj.user/shared/notebooks/F98BFE6D-analysis_flowcytometry/1/s/coyvicsnv7jwv/000010.metadata
  RUCova/.Rproj.user/shared/notebooks/F98BFE6D-analysis_flowcytometry/1/s/coyvicsnv7jwv/000011.metadata
  RUCova/.Rproj.user/shared/notebooks/F98BFE6D-analysis_flowcytometry/1/s/coyvicsnv7jwv/000012.metadata
  RUCova/.Rproj.user/shared/notebooks/F98BFE6D-analysis_flowcytometry/1/s/coyvicsnv7jwv/000013.metadata
  RUCova/.Rproj.user/shared/notebooks/F98BFE6D-analysis_flowcytometry/1/s/coyvicsnv7jwv/000014.metadata
  RUCova/.Rproj.user/shared/notebooks/F98BFE6D-analysis_flowcytometry/1/s/coyvicsnv7jwv/000015.metadata
  RUCova/.Rproj.user/shared/notebooks/F98BFE6D-analysis_flowcytometry/1/s/coyvicsnv7jwv/000016.metadata
  RUCova/.Rproj.user/shared/notebooks/F98BFE6D-analysis_flowcytometry/1/s/coyvicsnv7jwv/000017.metadata
  RUCova/.Rproj.user/shared/notebooks/F98BFE6D-analysis_flowcytometry/1/s/coyvicsnv7jwv/000018.metadata
  RUCova/.Rproj.user/shared/notebooks/F98BFE6D-analysis_flowcytometry/1/s/coyvicsnv7jwv/000019.metadata
  RUCova/.Rproj.user/shared/notebooks/F98BFE6D-analysis_flowcytometry/1/s/coyvicsnv7jwv/00001a.metadata
  RUCova/.Rproj.user/shared/notebooks/F98BFE6D-analysis_flowcytometry/1/s/coyvicsnv7jwv/00001b.metadata
  RUCova/.Rproj.user/shared/notebooks/F98BFE6D-analysis_flowcytometry/1/s/coyvicsnv7jwv/00001c.metadata
  RUCova/.Rproj.user/shared/notebooks/F98BFE6D-analysis_flowcytometry/1/s/coyvicsnv7jwv/00001d.metadata
  RUCova/.Rproj.user/shared/notebooks/F98BFE6D-analysis_flowcytometry/1/s/coyvicsnv7jwv/00001e.metadata
  RUCova/.Rproj.user/shared/notebooks/F98BFE6D-analysis_flowcytometry/1/s/coyvicsnv7jwv/00001f.metadata
  RUCova/.Rproj.user/shared/notebooks/F98BFE6D-analysis_flowcytometry/1/s/coyvicsnv7jwv/000020.metadata
  RUCova/.Rproj.user/shared/notebooks/F98BFE6D-analysis_flowcytometry/1/s/coyvicsnv7jwv/000021.metadata
  RUCova/.Rproj.user/shared/notebooks/F98BFE6D-analysis_flowcytometry/1/s/coyvicsnv7jwv/000022.metadata
  RUCova/.Rproj.user/shared/notebooks/F98BFE6D-analysis_flowcytometry/1/s/coyvicsnv7jwv/000023.metadata
  RUCova/.Rproj.user/shared/notebooks/F98BFE6D-analysis_flowcytometry/1/s/coyvicsnv7jwv/000023.snapshot
  RUCova/.Rproj.user/shared/notebooks/F98BFE6D-analysis_flowcytometry/1/s/cq6l4g03wh024/000010.metadata
  RUCova/.Rproj.user/shared/notebooks/F98BFE6D-analysis_flowcytometry/1/s/ctsbuqpxxfoqf/000010.metadata
  RUCova/.Rproj.user/shared/notebooks/F98BFE6D-analysis_flowcytometry/1/s/ctsbuqpxxfoqf/000010.snapshot
  RUCova/.Rproj.user/shared/notebooks/F98BFE6D-analysis_flowcytometry/1/s/cvy7dtwis17m1/000010.metadata
  RUCova/.Rproj.user/shared/notebooks/F98BFE6D-analysis_flowcytometry/1/s/cvy7dtwis17m1/000011.metadata
  RUCova/.Rproj.user/shared/notebooks/F98BFE6D-analysis_flowcytometry/1/s/cvy7dtwis17m1/000012.metadata
  RUCova/.Rproj.user/shared/notebooks/F98BFE6D-analysis_flowcytometry/1/s/cvy7dtwis17m1/000013.metadata
  RUCova/.Rproj.user/shared/notebooks/F98BFE6D-analysis_flowcytometry/1/s/cvy7dtwis17m1/000014.metadata
  RUCova/.Rproj.user/shared/notebooks/F98BFE6D-analysis_flowcytometry/1/s/cvy7dtwis17m1/000015.metadata
  RUCova/.Rproj.user/shared/notebooks/F98BFE6D-analysis_flowcytometry/1/s/cvy7dtwis17m1/000016.metadata
  RUCova/.Rproj.user/shared/notebooks/F98BFE6D-analysis_flowcytometry/1/s/cvy7dtwis17m1/000017.metadata
  RUCova/.Rproj.user/shared/notebooks/F98BFE6D-analysis_flowcytometry/1/s/cvy7dtwis17m1/000018.metadata
  RUCova/.Rproj.user/shared/notebooks/F98BFE6D-analysis_flowcytometry/1/s/cvy7dtwis17m1/000019.metadata
  RUCova/.Rproj.user/shared/notebooks/F98BFE6D-analysis_flowcytometry/1/s/cvy7dtwis17m1/00001a.metadata
  RUCova/.Rproj.user/shared/notebooks/F98BFE6D-analysis_flowcytometry/1/s/cvy7dtwis17m1/00001b.metadata
  RUCova/.Rproj.user/shared/notebooks/F98BFE6D-analysis_flowcytometry/1/s/cvy7dtwis17m1/00001c.metadata
  RUCova/.Rproj.user/shared/notebooks/F98BFE6D-analysis_flowcytometry/1/s/cvy7dtwis17m1/00001d.metadata
  RUCova/.Rproj.user/shared/notebooks/F98BFE6D-analysis_flowcytometry/1/s/cvy7dtwis17m1/00001e.metadata
  RUCova/.Rproj.user/shared/notebooks/F98BFE6D-analysis_flowcytometry/1/s/cvy7dtwis17m1/00001f.metadata
  RUCova/.Rproj.user/shared/notebooks/F98BFE6D-analysis_flowcytometry/1/s/cvy7dtwis17m1/000020.metadata
  RUCova/.Rproj.user/shared/notebooks/F98BFE6D-analysis_flowcytometry/1/s/cvy7dtwis17m1/000021.metadata
  RUCova/.Rproj.user/shared/notebooks/F98BFE6D-analysis_flowcytometry/1/s/cvy7dtwis17m1/000022.metadata
  RUCova/.Rproj.user/shared/notebooks/F98BFE6D-analysis_flowcytometry/1/s/cvy7dtwis17m1/000023.metadata
  RUCova/.Rproj.user/shared/notebooks/F98BFE6D-analysis_flowcytometry/1/s/cvy7dtwis17m1/000023.snapshot
  RUCova/.Rproj.user/shared/notebooks/C09E0CBB-benchmarkRUCova_multiple_GT_diff_condition/1/s/c1pjxmoq6ebiy
  RUCova/.Rproj.user/shared/notebooks/C09E0CBB-benchmarkRUCova_multiple_GT_diff_condition/1/s/cpzwdpp54xiu5
  RUCova/.Rproj.user/shared/notebooks/C09E0CBB-benchmarkRUCova_multiple_GT_diff_condition/1/s/csetup_chunk
  RUCova/.Rproj.user/shared/notebooks/C0D68E66-analyse_scRNAseq_NMF_v2/1/E54755E37a3ca6a6/clsq5gqiiacb8
  RUCova/.Rproj.user/shared/notebooks/C0D68E66-analyse_scRNAseq_NMF_v2/1/E54755E37a3ca6a6/cqflbyvypn6di_t

Tarballs are only required to store paths of up to 100 bytes and cannot
store those of more than 256 bytes, with restrictions including to 100
bytes for the final component.
See section ‘Package structure’ in the ‘Writing R Extensions’ manual.
* checking for sufficient/correct file permissions ... OK
* checking whether package ‘RUCova’ can be installed ... ERROR
Installation failed.
See ‘/groups/nils/members/rosario/RUCova/..Rcheck/00install.out’ for details.
* DONE
Status: 1 ERROR, 2 NOTEs
